SF:lib\features\auth\presentation\view_model\register_view_model\register_bloc.dart
DA:12,3
DA:13,1
DA:14,3
DA:15,6
DA:18,2
DA:22,6
DA:23,6
DA:25,6
DA:26,6
DA:27,6
DA:29,6
DA:30,6
DA:33,5
DA:43,4
DA:44,2
DA:45,2
DA:46,2
DA:49,2
DA:52,3
DA:55,2
DA:61,3
DA:64,1
DA:65,1
DA:66,0
LF:24
LH:23
end_of_record
SF:lib\features\auth\presentation\view_model\register_view_model\register_event.dart
DA:12,2
LF:1
LH:1
end_of_record
SF:lib\features\auth\presentation\view_model\register_view_model\register_view_model.dart
DA:13,0
DA:14,0
DA:15,0
DA:16,0
DA:19,3
DA:20,3
DA:21,3
DA:24,3
DA:25,3
DA:26,3
DA:29,3
DA:30,3
DA:31,3
DA:34,0
DA:35,0
DA:36,0
DA:39,0
DA:40,0
DA:41,0
DA:42,0
DA:45,0
DA:46,0
LF:22
LH:9
end_of_record
SF:lib\features\auth\data\data_source\remote_datasource\auth_remote_data_source.dart
DA:8,0
DA:9,0
DA:10,0
DA:13,0
DA:19,0
DA:20,0
DA:22,0
DA:28,0
DA:30,0
DA:35,0
DA:37,0
DA:38,0
DA:40,0
DA:42,0
DA:44,0
DA:49,0
DA:51,0
DA:52,0
DA:54,0
DA:56,0
DA:57,0
DA:59,0
DA:64,0
DA:70,0
DA:71,0
DA:73,0
DA:76,0
DA:78,0
DA:84,0
DA:86,0
DA:91,0
DA:93,0
DA:94,0
DA:96,0
DA:99,0
DA:100,0
DA:103,0
DA:106,0
DA:108,0
DA:110,0
DA:115,0
DA:117,0
DA:118,0
DA:120,0
DA:122,0
DA:123,0
DA:125,0
LF:47
LH:0
end_of_record
SF:lib\api_config.dart
DA:12,0
DA:15,0
DA:17,0
DA:18,0
DA:19,0
DA:26,0
DA:27,0
DA:28,0
LF:8
LH:0
end_of_record
SF:lib\core\network\api_service.dart
DA:10,0
DA:13,0
DA:15,0
DA:16,0
DA:20,0
DA:27,0
DA:28,0
DA:29,0
DA:30,0
DA:31,0
DA:32,0
DA:33,0
DA:35,0
DA:44,0
DA:50,0
DA:52,0
DA:54,0
DA:61,0
DA:63,0
LF:19
LH:0
end_of_record
SF:lib\features\auth\presentation\view_model\register_view_model\register_state.dart
DA:7,3
DA:9,4
DA:11,2
DA:12,2
DA:13,0
DA:14,2
DA:18,2
DA:19,6
LF:8
LH:7
end_of_record
SF:lib\features\Products\product_viewmodel\product_model.dart
DA:10,1
DA:20,1
DA:21,1
DA:22,1
DA:23,1
DA:24,1
DA:25,1
DA:26,1
DA:27,1
DA:28,2
DA:32,1
DA:33,1
DA:34,1
DA:35,1
DA:36,1
DA:37,1
DA:38,1
DA:39,1
DA:40,1
LF:19
LH:19
end_of_record
SF:lib\features\auth\data\model\user_hive_model.dart
DA:43,1
DA:54,0
DA:57,0
DA:70,0
DA:71,0
DA:72,0
DA:73,0
DA:74,0
DA:75,0
DA:76,0
DA:77,0
DA:78,0
DA:79,0
DA:81,0
DA:86,0
DA:87,0
DA:88,0
DA:89,0
DA:90,0
DA:91,0
DA:92,0
DA:93,0
DA:94,0
DA:95,0
DA:100,1
DA:101,1
DA:102,1
DA:103,1
DA:104,1
DA:105,1
DA:106,1
DA:107,1
DA:108,1
DA:109,1
DA:110,1
DA:111,1
DA:114,1
DA:126,1
DA:127,1
DA:128,0
DA:129,1
DA:130,0
DA:131,1
DA:132,1
DA:133,1
DA:134,1
DA:135,1
DA:136,1
LF:48
LH:23
end_of_record
SF:lib\features\auth\data\model\user_hive_model.g.dart
DA:13,0
DA:15,0
DA:16,0
DA:17,0
DA:19,0
DA:20,0
DA:21,0
DA:22,0
DA:23,0
DA:24,0
DA:25,0
DA:26,0
DA:27,0
DA:28,0
DA:29,0
DA:33,0
DA:36,0
DA:37,0
DA:38,0
DA:39,0
DA:40,0
DA:41,0
DA:42,0
DA:43,0
DA:44,0
DA:45,0
DA:46,0
DA:47,0
DA:48,0
DA:49,0
DA:50,0
DA:51,0
DA:52,0
DA:53,0
DA:54,0
DA:55,0
DA:56,0
DA:59,0
DA:60,0
DA:62,0
DA:65,0
DA:66,0
DA:67,0
LF:43
LH:0
end_of_record
SF:lib\features\auth\presentation\view_model\login_view_model\login_view_model.dart
DA:11,2
DA:12,2
DA:13,0
DA:16,1
DA:17,1
DA:18,1
DA:21,1
DA:22,1
DA:23,1
DA:26,0
DA:27,0
DA:29,0
DA:30,0
DA:38,0
DA:39,0
DA:40,0
LF:16
LH:8
end_of_record
SF:lib\app\constant\hive\hive_table_constant.dart
DA:2,0
LF:1
LH:0
end_of_record
SF:lib\features\auth\domain\entity\user_entity.dart
DA:13,0
DA:24,0
DA:25,0
DA:26,0
DA:27,0
DA:28,0
DA:29,0
DA:30,0
DA:31,0
DA:32,0
DA:33,0
LF:11
LH:0
end_of_record
SF:lib\features\auth\presentation\view\register_view.dart
DA:10,1
DA:12,1
DA:14,1
DA:16,1
DA:17,1
DA:18,2
DA:19,3
DA:21,1
DA:22,1
DA:24,1
DA:25,1
DA:26,1
DA:27,1
DA:28,1
DA:29,0
DA:30,0
DA:31,0
DA:38,0
DA:39,0
DA:46,0
DA:49,1
DA:50,1
DA:52,1
DA:54,1
DA:55,1
DA:57,1
DA:58,1
DA:62,1
DA:63,1
DA:67,1
DA:70,1
DA:71,1
DA:75,1
DA:76,1
DA:80,1
DA:83,1
DA:84,1
DA:88,1
DA:89,1
DA:93,1
DA:96,1
DA:98,1
DA:100,0
DA:101,0
DA:102,0
DA:104,0
DA:105,0
DA:107,0
DA:111,1
DA:117,1
DA:118,1
DA:122,1
DA:136,1
DA:138,1
DA:146,1
DA:147,0
DA:148,0
LF:57
LH:43
end_of_record
